2021-06-15 21:18:21,566 ERROR scheduler Exception in Enqueue Events for Site eds.v1
Traceback (most recent call last):
  File "/home/my_user/frappe-bench/apps/frappe/frappe/utils/scheduler.py", line 67, in enqueue_events_for_site
    enqueue_events(site=site)
  File "/home/my_user/frappe-bench/apps/frappe/frappe/utils/scheduler.py", line 84, in enqueue_events
    queued_jobs = get_jobs(site=site, key='job_type').get(site) or []
  File "/home/my_user/frappe-bench/apps/frappe/frappe/utils/background_jobs.py", line 180, in get_jobs
    q = get_queue(queue)
  File "/home/my_user/frappe-bench/apps/frappe/frappe/utils/background_jobs.py", line 224, in get_queue
    return Queue(queue, connection=get_redis_conn(), is_async=is_async)
  File "/home/my_user/frappe-bench/apps/frappe/frappe/utils/background_jobs.py", line 238, in get_redis_conn
    raise Exception('redis_queue missing in common_site_config.json')
Exception: redis_queue missing in common_site_config.json

2021-06-15 21:19:21,770 ERROR scheduler Exception in Enqueue Events for Site eds.v1
Traceback (most recent call last):
  File "/home/my_user/frappe-bench/apps/frappe/frappe/utils/scheduler.py", line 67, in enqueue_events_for_site
    enqueue_events(site=site)
  File "/home/my_user/frappe-bench/apps/frappe/frappe/utils/scheduler.py", line 84, in enqueue_events
    queued_jobs = get_jobs(site=site, key='job_type').get(site) or []
  File "/home/my_user/frappe-bench/apps/frappe/frappe/utils/background_jobs.py", line 180, in get_jobs
    q = get_queue(queue)
  File "/home/my_user/frappe-bench/apps/frappe/frappe/utils/background_jobs.py", line 224, in get_queue
    return Queue(queue, connection=get_redis_conn(), is_async=is_async)
  File "/home/my_user/frappe-bench/apps/frappe/frappe/utils/background_jobs.py", line 238, in get_redis_conn
    raise Exception('redis_queue missing in common_site_config.json')
Exception: redis_queue missing in common_site_config.json

2021-06-15 21:20:21,992 ERROR scheduler Exception in Enqueue Events for Site eds.v1
Traceback (most recent call last):
  File "/home/my_user/frappe-bench/apps/frappe/frappe/utils/scheduler.py", line 67, in enqueue_events_for_site
    enqueue_events(site=site)
  File "/home/my_user/frappe-bench/apps/frappe/frappe/utils/scheduler.py", line 84, in enqueue_events
    queued_jobs = get_jobs(site=site, key='job_type').get(site) or []
  File "/home/my_user/frappe-bench/apps/frappe/frappe/utils/background_jobs.py", line 180, in get_jobs
    q = get_queue(queue)
  File "/home/my_user/frappe-bench/apps/frappe/frappe/utils/background_jobs.py", line 224, in get_queue
    return Queue(queue, connection=get_redis_conn(), is_async=is_async)
  File "/home/my_user/frappe-bench/apps/frappe/frappe/utils/background_jobs.py", line 238, in get_redis_conn
    raise Exception('redis_queue missing in common_site_config.json')
Exception: redis_queue missing in common_site_config.json

2021-06-15 21:21:22,187 ERROR scheduler Exception in Enqueue Events for Site eds.v1
Traceback (most recent call last):
  File "/home/my_user/frappe-bench/apps/frappe/frappe/utils/scheduler.py", line 67, in enqueue_events_for_site
    enqueue_events(site=site)
  File "/home/my_user/frappe-bench/apps/frappe/frappe/utils/scheduler.py", line 84, in enqueue_events
    queued_jobs = get_jobs(site=site, key='job_type').get(site) or []
  File "/home/my_user/frappe-bench/apps/frappe/frappe/utils/background_jobs.py", line 180, in get_jobs
    q = get_queue(queue)
  File "/home/my_user/frappe-bench/apps/frappe/frappe/utils/background_jobs.py", line 224, in get_queue
    return Queue(queue, connection=get_redis_conn(), is_async=is_async)
  File "/home/my_user/frappe-bench/apps/frappe/frappe/utils/background_jobs.py", line 238, in get_redis_conn
    raise Exception('redis_queue missing in common_site_config.json')
Exception: redis_queue missing in common_site_config.json

2021-06-15 21:22:22,385 ERROR scheduler Exception in Enqueue Events for Site eds.v1
Traceback (most recent call last):
  File "/home/my_user/frappe-bench/apps/frappe/frappe/utils/scheduler.py", line 67, in enqueue_events_for_site
    enqueue_events(site=site)
  File "/home/my_user/frappe-bench/apps/frappe/frappe/utils/scheduler.py", line 84, in enqueue_events
    queued_jobs = get_jobs(site=site, key='job_type').get(site) or []
  File "/home/my_user/frappe-bench/apps/frappe/frappe/utils/background_jobs.py", line 180, in get_jobs
    q = get_queue(queue)
  File "/home/my_user/frappe-bench/apps/frappe/frappe/utils/background_jobs.py", line 224, in get_queue
    return Queue(queue, connection=get_redis_conn(), is_async=is_async)
  File "/home/my_user/frappe-bench/apps/frappe/frappe/utils/background_jobs.py", line 238, in get_redis_conn
    raise Exception('redis_queue missing in common_site_config.json')
Exception: redis_queue missing in common_site_config.json

2021-06-15 21:23:22,587 ERROR scheduler Exception in Enqueue Events for Site eds.v1
Traceback (most recent call last):
  File "/home/my_user/frappe-bench/apps/frappe/frappe/utils/scheduler.py", line 67, in enqueue_events_for_site
    enqueue_events(site=site)
  File "/home/my_user/frappe-bench/apps/frappe/frappe/utils/scheduler.py", line 84, in enqueue_events
    queued_jobs = get_jobs(site=site, key='job_type').get(site) or []
  File "/home/my_user/frappe-bench/apps/frappe/frappe/utils/background_jobs.py", line 180, in get_jobs
    q = get_queue(queue)
  File "/home/my_user/frappe-bench/apps/frappe/frappe/utils/background_jobs.py", line 224, in get_queue
    return Queue(queue, connection=get_redis_conn(), is_async=is_async)
  File "/home/my_user/frappe-bench/apps/frappe/frappe/utils/background_jobs.py", line 238, in get_redis_conn
    raise Exception('redis_queue missing in common_site_config.json')
Exception: redis_queue missing in common_site_config.json

2021-06-15 21:24:22,777 ERROR scheduler Exception in Enqueue Events for Site eds.v1
Traceback (most recent call last):
  File "/home/my_user/frappe-bench/apps/frappe/frappe/utils/scheduler.py", line 67, in enqueue_events_for_site
    enqueue_events(site=site)
  File "/home/my_user/frappe-bench/apps/frappe/frappe/utils/scheduler.py", line 84, in enqueue_events
    queued_jobs = get_jobs(site=site, key='job_type').get(site) or []
  File "/home/my_user/frappe-bench/apps/frappe/frappe/utils/background_jobs.py", line 180, in get_jobs
    q = get_queue(queue)
  File "/home/my_user/frappe-bench/apps/frappe/frappe/utils/background_jobs.py", line 224, in get_queue
    return Queue(queue, connection=get_redis_conn(), is_async=is_async)
  File "/home/my_user/frappe-bench/apps/frappe/frappe/utils/background_jobs.py", line 238, in get_redis_conn
    raise Exception('redis_queue missing in common_site_config.json')
Exception: redis_queue missing in common_site_config.json

2021-06-15 21:25:22,974 ERROR scheduler Exception in Enqueue Events for Site eds.v1
Traceback (most recent call last):
  File "/home/my_user/frappe-bench/apps/frappe/frappe/utils/scheduler.py", line 67, in enqueue_events_for_site
    enqueue_events(site=site)
  File "/home/my_user/frappe-bench/apps/frappe/frappe/utils/scheduler.py", line 84, in enqueue_events
    queued_jobs = get_jobs(site=site, key='job_type').get(site) or []
  File "/home/my_user/frappe-bench/apps/frappe/frappe/utils/background_jobs.py", line 180, in get_jobs
    q = get_queue(queue)
  File "/home/my_user/frappe-bench/apps/frappe/frappe/utils/background_jobs.py", line 224, in get_queue
    return Queue(queue, connection=get_redis_conn(), is_async=is_async)
  File "/home/my_user/frappe-bench/apps/frappe/frappe/utils/background_jobs.py", line 238, in get_redis_conn
    raise Exception('redis_queue missing in common_site_config.json')
Exception: redis_queue missing in common_site_config.json

2021-06-15 21:26:23,174 ERROR scheduler Exception in Enqueue Events for Site eds.v1
Traceback (most recent call last):
  File "/home/my_user/frappe-bench/apps/frappe/frappe/utils/scheduler.py", line 67, in enqueue_events_for_site
    enqueue_events(site=site)
  File "/home/my_user/frappe-bench/apps/frappe/frappe/utils/scheduler.py", line 84, in enqueue_events
    queued_jobs = get_jobs(site=site, key='job_type').get(site) or []
  File "/home/my_user/frappe-bench/apps/frappe/frappe/utils/background_jobs.py", line 180, in get_jobs
    q = get_queue(queue)
  File "/home/my_user/frappe-bench/apps/frappe/frappe/utils/background_jobs.py", line 224, in get_queue
    return Queue(queue, connection=get_redis_conn(), is_async=is_async)
  File "/home/my_user/frappe-bench/apps/frappe/frappe/utils/background_jobs.py", line 238, in get_redis_conn
    raise Exception('redis_queue missing in common_site_config.json')
Exception: redis_queue missing in common_site_config.json

2021-06-15 21:27:23,373 ERROR scheduler Exception in Enqueue Events for Site eds.v1
Traceback (most recent call last):
  File "/home/my_user/frappe-bench/apps/frappe/frappe/utils/scheduler.py", line 67, in enqueue_events_for_site
    enqueue_events(site=site)
  File "/home/my_user/frappe-bench/apps/frappe/frappe/utils/scheduler.py", line 84, in enqueue_events
    queued_jobs = get_jobs(site=site, key='job_type').get(site) or []
  File "/home/my_user/frappe-bench/apps/frappe/frappe/utils/background_jobs.py", line 180, in get_jobs
    q = get_queue(queue)
  File "/home/my_user/frappe-bench/apps/frappe/frappe/utils/background_jobs.py", line 224, in get_queue
    return Queue(queue, connection=get_redis_conn(), is_async=is_async)
  File "/home/my_user/frappe-bench/apps/frappe/frappe/utils/background_jobs.py", line 238, in get_redis_conn
    raise Exception('redis_queue missing in common_site_config.json')
Exception: redis_queue missing in common_site_config.json

2021-06-15 21:28:23,571 ERROR scheduler Exception in Enqueue Events for Site eds.v1
Traceback (most recent call last):
  File "/home/my_user/frappe-bench/apps/frappe/frappe/utils/scheduler.py", line 67, in enqueue_events_for_site
    enqueue_events(site=site)
  File "/home/my_user/frappe-bench/apps/frappe/frappe/utils/scheduler.py", line 84, in enqueue_events
    queued_jobs = get_jobs(site=site, key='job_type').get(site) or []
  File "/home/my_user/frappe-bench/apps/frappe/frappe/utils/background_jobs.py", line 180, in get_jobs
    q = get_queue(queue)
  File "/home/my_user/frappe-bench/apps/frappe/frappe/utils/background_jobs.py", line 224, in get_queue
    return Queue(queue, connection=get_redis_conn(), is_async=is_async)
  File "/home/my_user/frappe-bench/apps/frappe/frappe/utils/background_jobs.py", line 238, in get_redis_conn
    raise Exception('redis_queue missing in common_site_config.json')
Exception: redis_queue missing in common_site_config.json

2021-06-15 21:29:23,812 ERROR scheduler Exception in Enqueue Events for Site eds.v1
Traceback (most recent call last):
  File "/home/my_user/frappe-bench/apps/frappe/frappe/utils/scheduler.py", line 67, in enqueue_events_for_site
    enqueue_events(site=site)
  File "/home/my_user/frappe-bench/apps/frappe/frappe/utils/scheduler.py", line 84, in enqueue_events
    queued_jobs = get_jobs(site=site, key='job_type').get(site) or []
  File "/home/my_user/frappe-bench/apps/frappe/frappe/utils/background_jobs.py", line 180, in get_jobs
    q = get_queue(queue)
  File "/home/my_user/frappe-bench/apps/frappe/frappe/utils/background_jobs.py", line 224, in get_queue
    return Queue(queue, connection=get_redis_conn(), is_async=is_async)
  File "/home/my_user/frappe-bench/apps/frappe/frappe/utils/background_jobs.py", line 238, in get_redis_conn
    raise Exception('redis_queue missing in common_site_config.json')
Exception: redis_queue missing in common_site_config.json

2021-06-15 21:30:24,027 ERROR scheduler Exception in Enqueue Events for Site eds.v1
Traceback (most recent call last):
  File "/home/my_user/frappe-bench/apps/frappe/frappe/utils/scheduler.py", line 67, in enqueue_events_for_site
    enqueue_events(site=site)
  File "/home/my_user/frappe-bench/apps/frappe/frappe/utils/scheduler.py", line 84, in enqueue_events
    queued_jobs = get_jobs(site=site, key='job_type').get(site) or []
  File "/home/my_user/frappe-bench/apps/frappe/frappe/utils/background_jobs.py", line 180, in get_jobs
    q = get_queue(queue)
  File "/home/my_user/frappe-bench/apps/frappe/frappe/utils/background_jobs.py", line 224, in get_queue
    return Queue(queue, connection=get_redis_conn(), is_async=is_async)
  File "/home/my_user/frappe-bench/apps/frappe/frappe/utils/background_jobs.py", line 238, in get_redis_conn
    raise Exception('redis_queue missing in common_site_config.json')
Exception: redis_queue missing in common_site_config.json

2021-06-15 21:31:24,224 ERROR scheduler Exception in Enqueue Events for Site eds.v1
Traceback (most recent call last):
  File "/home/my_user/frappe-bench/apps/frappe/frappe/utils/scheduler.py", line 67, in enqueue_events_for_site
    enqueue_events(site=site)
  File "/home/my_user/frappe-bench/apps/frappe/frappe/utils/scheduler.py", line 84, in enqueue_events
    queued_jobs = get_jobs(site=site, key='job_type').get(site) or []
  File "/home/my_user/frappe-bench/apps/frappe/frappe/utils/background_jobs.py", line 180, in get_jobs
    q = get_queue(queue)
  File "/home/my_user/frappe-bench/apps/frappe/frappe/utils/background_jobs.py", line 224, in get_queue
    return Queue(queue, connection=get_redis_conn(), is_async=is_async)
  File "/home/my_user/frappe-bench/apps/frappe/frappe/utils/background_jobs.py", line 238, in get_redis_conn
    raise Exception('redis_queue missing in common_site_config.json')
Exception: redis_queue missing in common_site_config.json

2021-06-15 21:32:24,396 ERROR scheduler Exception in Enqueue Events for Site eds.v1
Traceback (most recent call last):
  File "/home/my_user/frappe-bench/apps/frappe/frappe/utils/scheduler.py", line 67, in enqueue_events_for_site
    enqueue_events(site=site)
  File "/home/my_user/frappe-bench/apps/frappe/frappe/utils/scheduler.py", line 84, in enqueue_events
    queued_jobs = get_jobs(site=site, key='job_type').get(site) or []
  File "/home/my_user/frappe-bench/apps/frappe/frappe/utils/background_jobs.py", line 180, in get_jobs
    q = get_queue(queue)
  File "/home/my_user/frappe-bench/apps/frappe/frappe/utils/background_jobs.py", line 224, in get_queue
    return Queue(queue, connection=get_redis_conn(), is_async=is_async)
  File "/home/my_user/frappe-bench/apps/frappe/frappe/utils/background_jobs.py", line 238, in get_redis_conn
    raise Exception('redis_queue missing in common_site_config.json')
Exception: redis_queue missing in common_site_config.json

2021-06-15 21:33:24,588 ERROR scheduler Exception in Enqueue Events for Site eds.v1
Traceback (most recent call last):
  File "/home/my_user/frappe-bench/apps/frappe/frappe/utils/scheduler.py", line 67, in enqueue_events_for_site
    enqueue_events(site=site)
  File "/home/my_user/frappe-bench/apps/frappe/frappe/utils/scheduler.py", line 84, in enqueue_events
    queued_jobs = get_jobs(site=site, key='job_type').get(site) or []
  File "/home/my_user/frappe-bench/apps/frappe/frappe/utils/background_jobs.py", line 180, in get_jobs
    q = get_queue(queue)
  File "/home/my_user/frappe-bench/apps/frappe/frappe/utils/background_jobs.py", line 224, in get_queue
    return Queue(queue, connection=get_redis_conn(), is_async=is_async)
  File "/home/my_user/frappe-bench/apps/frappe/frappe/utils/background_jobs.py", line 238, in get_redis_conn
    raise Exception('redis_queue missing in common_site_config.json')
Exception: redis_queue missing in common_site_config.json

2021-06-15 21:34:24,773 ERROR scheduler Exception in Enqueue Events for Site eds.v1
Traceback (most recent call last):
  File "/home/my_user/frappe-bench/apps/frappe/frappe/utils/scheduler.py", line 67, in enqueue_events_for_site
    enqueue_events(site=site)
  File "/home/my_user/frappe-bench/apps/frappe/frappe/utils/scheduler.py", line 84, in enqueue_events
    queued_jobs = get_jobs(site=site, key='job_type').get(site) or []
  File "/home/my_user/frappe-bench/apps/frappe/frappe/utils/background_jobs.py", line 180, in get_jobs
    q = get_queue(queue)
  File "/home/my_user/frappe-bench/apps/frappe/frappe/utils/background_jobs.py", line 224, in get_queue
    return Queue(queue, connection=get_redis_conn(), is_async=is_async)
  File "/home/my_user/frappe-bench/apps/frappe/frappe/utils/background_jobs.py", line 238, in get_redis_conn
    raise Exception('redis_queue missing in common_site_config.json')
Exception: redis_queue missing in common_site_config.json

2021-06-15 21:35:24,960 ERROR scheduler Exception in Enqueue Events for Site eds.v1
Traceback (most recent call last):
  File "/home/my_user/frappe-bench/apps/frappe/frappe/utils/scheduler.py", line 67, in enqueue_events_for_site
    enqueue_events(site=site)
  File "/home/my_user/frappe-bench/apps/frappe/frappe/utils/scheduler.py", line 84, in enqueue_events
    queued_jobs = get_jobs(site=site, key='job_type').get(site) or []
  File "/home/my_user/frappe-bench/apps/frappe/frappe/utils/background_jobs.py", line 180, in get_jobs
    q = get_queue(queue)
  File "/home/my_user/frappe-bench/apps/frappe/frappe/utils/background_jobs.py", line 224, in get_queue
    return Queue(queue, connection=get_redis_conn(), is_async=is_async)
  File "/home/my_user/frappe-bench/apps/frappe/frappe/utils/background_jobs.py", line 238, in get_redis_conn
    raise Exception('redis_queue missing in common_site_config.json')
Exception: redis_queue missing in common_site_config.json

2021-06-15 21:36:25,147 ERROR scheduler Exception in Enqueue Events for Site eds.v1
Traceback (most recent call last):
  File "/home/my_user/frappe-bench/apps/frappe/frappe/utils/scheduler.py", line 67, in enqueue_events_for_site
    enqueue_events(site=site)
  File "/home/my_user/frappe-bench/apps/frappe/frappe/utils/scheduler.py", line 84, in enqueue_events
    queued_jobs = get_jobs(site=site, key='job_type').get(site) or []
  File "/home/my_user/frappe-bench/apps/frappe/frappe/utils/background_jobs.py", line 180, in get_jobs
    q = get_queue(queue)
  File "/home/my_user/frappe-bench/apps/frappe/frappe/utils/background_jobs.py", line 224, in get_queue
    return Queue(queue, connection=get_redis_conn(), is_async=is_async)
  File "/home/my_user/frappe-bench/apps/frappe/frappe/utils/background_jobs.py", line 238, in get_redis_conn
    raise Exception('redis_queue missing in common_site_config.json')
Exception: redis_queue missing in common_site_config.json

2021-06-15 21:37:25,335 ERROR scheduler Exception in Enqueue Events for Site eds.v1
Traceback (most recent call last):
  File "/home/my_user/frappe-bench/apps/frappe/frappe/utils/scheduler.py", line 67, in enqueue_events_for_site
    enqueue_events(site=site)
  File "/home/my_user/frappe-bench/apps/frappe/frappe/utils/scheduler.py", line 84, in enqueue_events
    queued_jobs = get_jobs(site=site, key='job_type').get(site) or []
  File "/home/my_user/frappe-bench/apps/frappe/frappe/utils/background_jobs.py", line 180, in get_jobs
    q = get_queue(queue)
  File "/home/my_user/frappe-bench/apps/frappe/frappe/utils/background_jobs.py", line 224, in get_queue
    return Queue(queue, connection=get_redis_conn(), is_async=is_async)
  File "/home/my_user/frappe-bench/apps/frappe/frappe/utils/background_jobs.py", line 238, in get_redis_conn
    raise Exception('redis_queue missing in common_site_config.json')
Exception: redis_queue missing in common_site_config.json

2021-06-15 21:38:25,529 ERROR scheduler Exception in Enqueue Events for Site eds.v1
Traceback (most recent call last):
  File "/home/my_user/frappe-bench/apps/frappe/frappe/utils/scheduler.py", line 67, in enqueue_events_for_site
    enqueue_events(site=site)
  File "/home/my_user/frappe-bench/apps/frappe/frappe/utils/scheduler.py", line 84, in enqueue_events
    queued_jobs = get_jobs(site=site, key='job_type').get(site) or []
  File "/home/my_user/frappe-bench/apps/frappe/frappe/utils/background_jobs.py", line 180, in get_jobs
    q = get_queue(queue)
  File "/home/my_user/frappe-bench/apps/frappe/frappe/utils/background_jobs.py", line 224, in get_queue
    return Queue(queue, connection=get_redis_conn(), is_async=is_async)
  File "/home/my_user/frappe-bench/apps/frappe/frappe/utils/background_jobs.py", line 238, in get_redis_conn
    raise Exception('redis_queue missing in common_site_config.json')
Exception: redis_queue missing in common_site_config.json

2021-06-15 21:39:25,705 ERROR scheduler Exception in Enqueue Events for Site eds.v1
Traceback (most recent call last):
  File "/home/my_user/frappe-bench/apps/frappe/frappe/utils/scheduler.py", line 67, in enqueue_events_for_site
    enqueue_events(site=site)
  File "/home/my_user/frappe-bench/apps/frappe/frappe/utils/scheduler.py", line 84, in enqueue_events
    queued_jobs = get_jobs(site=site, key='job_type').get(site) or []
  File "/home/my_user/frappe-bench/apps/frappe/frappe/utils/background_jobs.py", line 180, in get_jobs
    q = get_queue(queue)
  File "/home/my_user/frappe-bench/apps/frappe/frappe/utils/background_jobs.py", line 224, in get_queue
    return Queue(queue, connection=get_redis_conn(), is_async=is_async)
  File "/home/my_user/frappe-bench/apps/frappe/frappe/utils/background_jobs.py", line 238, in get_redis_conn
    raise Exception('redis_queue missing in common_site_config.json')
Exception: redis_queue missing in common_site_config.json

2021-06-15 21:40:25,869 ERROR scheduler Exception in Enqueue Events for Site eds.v1
Traceback (most recent call last):
  File "/home/my_user/frappe-bench/apps/frappe/frappe/utils/scheduler.py", line 67, in enqueue_events_for_site
    enqueue_events(site=site)
  File "/home/my_user/frappe-bench/apps/frappe/frappe/utils/scheduler.py", line 84, in enqueue_events
    queued_jobs = get_jobs(site=site, key='job_type').get(site) or []
  File "/home/my_user/frappe-bench/apps/frappe/frappe/utils/background_jobs.py", line 180, in get_jobs
    q = get_queue(queue)
  File "/home/my_user/frappe-bench/apps/frappe/frappe/utils/background_jobs.py", line 224, in get_queue
    return Queue(queue, connection=get_redis_conn(), is_async=is_async)
  File "/home/my_user/frappe-bench/apps/frappe/frappe/utils/background_jobs.py", line 238, in get_redis_conn
    raise Exception('redis_queue missing in common_site_config.json')
Exception: redis_queue missing in common_site_config.json

2021-06-15 21:41:26,068 ERROR scheduler Exception in Enqueue Events for Site eds.v1
Traceback (most recent call last):
  File "/home/my_user/frappe-bench/apps/frappe/frappe/utils/scheduler.py", line 67, in enqueue_events_for_site
    enqueue_events(site=site)
  File "/home/my_user/frappe-bench/apps/frappe/frappe/utils/scheduler.py", line 84, in enqueue_events
    queued_jobs = get_jobs(site=site, key='job_type').get(site) or []
  File "/home/my_user/frappe-bench/apps/frappe/frappe/utils/background_jobs.py", line 180, in get_jobs
    q = get_queue(queue)
  File "/home/my_user/frappe-bench/apps/frappe/frappe/utils/background_jobs.py", line 224, in get_queue
    return Queue(queue, connection=get_redis_conn(), is_async=is_async)
  File "/home/my_user/frappe-bench/apps/frappe/frappe/utils/background_jobs.py", line 238, in get_redis_conn
    raise Exception('redis_queue missing in common_site_config.json')
Exception: redis_queue missing in common_site_config.json

2021-06-15 21:42:26,254 ERROR scheduler Exception in Enqueue Events for Site eds.v1
Traceback (most recent call last):
  File "/home/my_user/frappe-bench/apps/frappe/frappe/utils/scheduler.py", line 67, in enqueue_events_for_site
    enqueue_events(site=site)
  File "/home/my_user/frappe-bench/apps/frappe/frappe/utils/scheduler.py", line 84, in enqueue_events
    queued_jobs = get_jobs(site=site, key='job_type').get(site) or []
  File "/home/my_user/frappe-bench/apps/frappe/frappe/utils/background_jobs.py", line 180, in get_jobs
    q = get_queue(queue)
  File "/home/my_user/frappe-bench/apps/frappe/frappe/utils/background_jobs.py", line 224, in get_queue
    return Queue(queue, connection=get_redis_conn(), is_async=is_async)
  File "/home/my_user/frappe-bench/apps/frappe/frappe/utils/background_jobs.py", line 238, in get_redis_conn
    raise Exception('redis_queue missing in common_site_config.json')
Exception: redis_queue missing in common_site_config.json

2021-06-15 21:43:26,442 ERROR scheduler Exception in Enqueue Events for Site eds.v1
Traceback (most recent call last):
  File "/home/my_user/frappe-bench/apps/frappe/frappe/utils/scheduler.py", line 67, in enqueue_events_for_site
    enqueue_events(site=site)
  File "/home/my_user/frappe-bench/apps/frappe/frappe/utils/scheduler.py", line 84, in enqueue_events
    queued_jobs = get_jobs(site=site, key='job_type').get(site) or []
  File "/home/my_user/frappe-bench/apps/frappe/frappe/utils/background_jobs.py", line 180, in get_jobs
    q = get_queue(queue)
  File "/home/my_user/frappe-bench/apps/frappe/frappe/utils/background_jobs.py", line 224, in get_queue
    return Queue(queue, connection=get_redis_conn(), is_async=is_async)
  File "/home/my_user/frappe-bench/apps/frappe/frappe/utils/background_jobs.py", line 238, in get_redis_conn
    raise Exception('redis_queue missing in common_site_config.json')
Exception: redis_queue missing in common_site_config.json

2021-06-15 21:44:26,633 ERROR scheduler Exception in Enqueue Events for Site eds.v1
Traceback (most recent call last):
  File "/home/my_user/frappe-bench/apps/frappe/frappe/utils/scheduler.py", line 67, in enqueue_events_for_site
    enqueue_events(site=site)
  File "/home/my_user/frappe-bench/apps/frappe/frappe/utils/scheduler.py", line 84, in enqueue_events
    queued_jobs = get_jobs(site=site, key='job_type').get(site) or []
  File "/home/my_user/frappe-bench/apps/frappe/frappe/utils/background_jobs.py", line 180, in get_jobs
    q = get_queue(queue)
  File "/home/my_user/frappe-bench/apps/frappe/frappe/utils/background_jobs.py", line 224, in get_queue
    return Queue(queue, connection=get_redis_conn(), is_async=is_async)
  File "/home/my_user/frappe-bench/apps/frappe/frappe/utils/background_jobs.py", line 238, in get_redis_conn
    raise Exception('redis_queue missing in common_site_config.json')
Exception: redis_queue missing in common_site_config.json

2021-06-15 21:45:26,822 ERROR scheduler Exception in Enqueue Events for Site eds.v1
Traceback (most recent call last):
  File "/home/my_user/frappe-bench/apps/frappe/frappe/utils/scheduler.py", line 67, in enqueue_events_for_site
    enqueue_events(site=site)
  File "/home/my_user/frappe-bench/apps/frappe/frappe/utils/scheduler.py", line 84, in enqueue_events
    queued_jobs = get_jobs(site=site, key='job_type').get(site) or []
  File "/home/my_user/frappe-bench/apps/frappe/frappe/utils/background_jobs.py", line 180, in get_jobs
    q = get_queue(queue)
  File "/home/my_user/frappe-bench/apps/frappe/frappe/utils/background_jobs.py", line 224, in get_queue
    return Queue(queue, connection=get_redis_conn(), is_async=is_async)
  File "/home/my_user/frappe-bench/apps/frappe/frappe/utils/background_jobs.py", line 238, in get_redis_conn
    raise Exception('redis_queue missing in common_site_config.json')
Exception: redis_queue missing in common_site_config.json

2021-06-15 21:46:27,022 ERROR scheduler Exception in Enqueue Events for Site eds.v1
Traceback (most recent call last):
  File "/home/my_user/frappe-bench/apps/frappe/frappe/utils/scheduler.py", line 67, in enqueue_events_for_site
    enqueue_events(site=site)
  File "/home/my_user/frappe-bench/apps/frappe/frappe/utils/scheduler.py", line 84, in enqueue_events
    queued_jobs = get_jobs(site=site, key='job_type').get(site) or []
  File "/home/my_user/frappe-bench/apps/frappe/frappe/utils/background_jobs.py", line 180, in get_jobs
    q = get_queue(queue)
  File "/home/my_user/frappe-bench/apps/frappe/frappe/utils/background_jobs.py", line 224, in get_queue
    return Queue(queue, connection=get_redis_conn(), is_async=is_async)
  File "/home/my_user/frappe-bench/apps/frappe/frappe/utils/background_jobs.py", line 238, in get_redis_conn
    raise Exception('redis_queue missing in common_site_config.json')
Exception: redis_queue missing in common_site_config.json

2021-06-15 21:47:27,194 ERROR scheduler Exception in Enqueue Events for Site eds.v1
Traceback (most recent call last):
  File "/home/my_user/frappe-bench/apps/frappe/frappe/utils/scheduler.py", line 67, in enqueue_events_for_site
    enqueue_events(site=site)
  File "/home/my_user/frappe-bench/apps/frappe/frappe/utils/scheduler.py", line 84, in enqueue_events
    queued_jobs = get_jobs(site=site, key='job_type').get(site) or []
  File "/home/my_user/frappe-bench/apps/frappe/frappe/utils/background_jobs.py", line 180, in get_jobs
    q = get_queue(queue)
  File "/home/my_user/frappe-bench/apps/frappe/frappe/utils/background_jobs.py", line 224, in get_queue
    return Queue(queue, connection=get_redis_conn(), is_async=is_async)
  File "/home/my_user/frappe-bench/apps/frappe/frappe/utils/background_jobs.py", line 238, in get_redis_conn
    raise Exception('redis_queue missing in common_site_config.json')
Exception: redis_queue missing in common_site_config.json

2021-06-15 21:48:27,357 ERROR scheduler Exception in Enqueue Events for Site eds.v1
Traceback (most recent call last):
  File "/home/my_user/frappe-bench/apps/frappe/frappe/utils/scheduler.py", line 67, in enqueue_events_for_site
    enqueue_events(site=site)
  File "/home/my_user/frappe-bench/apps/frappe/frappe/utils/scheduler.py", line 84, in enqueue_events
    queued_jobs = get_jobs(site=site, key='job_type').get(site) or []
  File "/home/my_user/frappe-bench/apps/frappe/frappe/utils/background_jobs.py", line 180, in get_jobs
    q = get_queue(queue)
  File "/home/my_user/frappe-bench/apps/frappe/frappe/utils/background_jobs.py", line 224, in get_queue
    return Queue(queue, connection=get_redis_conn(), is_async=is_async)
  File "/home/my_user/frappe-bench/apps/frappe/frappe/utils/background_jobs.py", line 238, in get_redis_conn
    raise Exception('redis_queue missing in common_site_config.json')
Exception: redis_queue missing in common_site_config.json

2021-06-15 21:49:27,548 ERROR scheduler Exception in Enqueue Events for Site eds.v1
Traceback (most recent call last):
  File "/home/my_user/frappe-bench/apps/frappe/frappe/utils/scheduler.py", line 67, in enqueue_events_for_site
    enqueue_events(site=site)
  File "/home/my_user/frappe-bench/apps/frappe/frappe/utils/scheduler.py", line 84, in enqueue_events
    queued_jobs = get_jobs(site=site, key='job_type').get(site) or []
  File "/home/my_user/frappe-bench/apps/frappe/frappe/utils/background_jobs.py", line 180, in get_jobs
    q = get_queue(queue)
  File "/home/my_user/frappe-bench/apps/frappe/frappe/utils/background_jobs.py", line 224, in get_queue
    return Queue(queue, connection=get_redis_conn(), is_async=is_async)
  File "/home/my_user/frappe-bench/apps/frappe/frappe/utils/background_jobs.py", line 238, in get_redis_conn
    raise Exception('redis_queue missing in common_site_config.json')
Exception: redis_queue missing in common_site_config.json

2021-06-15 21:50:27,757 ERROR scheduler Exception in Enqueue Events for Site eds.v1
Traceback (most recent call last):
  File "/home/my_user/frappe-bench/apps/frappe/frappe/utils/scheduler.py", line 67, in enqueue_events_for_site
    enqueue_events(site=site)
  File "/home/my_user/frappe-bench/apps/frappe/frappe/utils/scheduler.py", line 84, in enqueue_events
    queued_jobs = get_jobs(site=site, key='job_type').get(site) or []
  File "/home/my_user/frappe-bench/apps/frappe/frappe/utils/background_jobs.py", line 180, in get_jobs
    q = get_queue(queue)
  File "/home/my_user/frappe-bench/apps/frappe/frappe/utils/background_jobs.py", line 224, in get_queue
    return Queue(queue, connection=get_redis_conn(), is_async=is_async)
  File "/home/my_user/frappe-bench/apps/frappe/frappe/utils/background_jobs.py", line 238, in get_redis_conn
    raise Exception('redis_queue missing in common_site_config.json')
Exception: redis_queue missing in common_site_config.json

2021-06-15 21:51:27,938 ERROR scheduler Exception in Enqueue Events for Site eds.v1
Traceback (most recent call last):
  File "/home/my_user/frappe-bench/apps/frappe/frappe/utils/scheduler.py", line 67, in enqueue_events_for_site
    enqueue_events(site=site)
  File "/home/my_user/frappe-bench/apps/frappe/frappe/utils/scheduler.py", line 84, in enqueue_events
    queued_jobs = get_jobs(site=site, key='job_type').get(site) or []
  File "/home/my_user/frappe-bench/apps/frappe/frappe/utils/background_jobs.py", line 180, in get_jobs
    q = get_queue(queue)
  File "/home/my_user/frappe-bench/apps/frappe/frappe/utils/background_jobs.py", line 224, in get_queue
    return Queue(queue, connection=get_redis_conn(), is_async=is_async)
  File "/home/my_user/frappe-bench/apps/frappe/frappe/utils/background_jobs.py", line 238, in get_redis_conn
    raise Exception('redis_queue missing in common_site_config.json')
Exception: redis_queue missing in common_site_config.json

2021-06-15 21:52:28,120 ERROR scheduler Exception in Enqueue Events for Site eds.v1
Traceback (most recent call last):
  File "/home/my_user/frappe-bench/apps/frappe/frappe/utils/scheduler.py", line 67, in enqueue_events_for_site
    enqueue_events(site=site)
  File "/home/my_user/frappe-bench/apps/frappe/frappe/utils/scheduler.py", line 84, in enqueue_events
    queued_jobs = get_jobs(site=site, key='job_type').get(site) or []
  File "/home/my_user/frappe-bench/apps/frappe/frappe/utils/background_jobs.py", line 180, in get_jobs
    q = get_queue(queue)
  File "/home/my_user/frappe-bench/apps/frappe/frappe/utils/background_jobs.py", line 224, in get_queue
    return Queue(queue, connection=get_redis_conn(), is_async=is_async)
  File "/home/my_user/frappe-bench/apps/frappe/frappe/utils/background_jobs.py", line 238, in get_redis_conn
    raise Exception('redis_queue missing in common_site_config.json')
Exception: redis_queue missing in common_site_config.json

