2021-06-15 21:06:19,421 ERROR scheduler Exception in Enqueue Events for Site acs.v1
Traceback (most recent call last):
  File "/home/my_user/frappe-bench/apps/frappe/frappe/utils/scheduler.py", line 67, in enqueue_events_for_site
    enqueue_events(site=site)
  File "/home/my_user/frappe-bench/apps/frappe/frappe/utils/scheduler.py", line 84, in enqueue_events
    queued_jobs = get_jobs(site=site, key='job_type').get(site) or []
  File "/home/my_user/frappe-bench/apps/frappe/frappe/utils/background_jobs.py", line 180, in get_jobs
    q = get_queue(queue)
  File "/home/my_user/frappe-bench/apps/frappe/frappe/utils/background_jobs.py", line 224, in get_queue
    return Queue(queue, connection=get_redis_conn(), is_async=is_async)
  File "/home/my_user/frappe-bench/apps/frappe/frappe/utils/background_jobs.py", line 238, in get_redis_conn
    raise Exception('redis_queue missing in common_site_config.json')
Exception: redis_queue missing in common_site_config.json

2021-06-15 21:07:19,593 ERROR scheduler Exception in Enqueue Events for Site acs.v1
Traceback (most recent call last):
  File "/home/my_user/frappe-bench/apps/frappe/frappe/utils/scheduler.py", line 67, in enqueue_events_for_site
    enqueue_events(site=site)
  File "/home/my_user/frappe-bench/apps/frappe/frappe/utils/scheduler.py", line 84, in enqueue_events
    queued_jobs = get_jobs(site=site, key='job_type').get(site) or []
  File "/home/my_user/frappe-bench/apps/frappe/frappe/utils/background_jobs.py", line 180, in get_jobs
    q = get_queue(queue)
  File "/home/my_user/frappe-bench/apps/frappe/frappe/utils/background_jobs.py", line 224, in get_queue
    return Queue(queue, connection=get_redis_conn(), is_async=is_async)
  File "/home/my_user/frappe-bench/apps/frappe/frappe/utils/background_jobs.py", line 238, in get_redis_conn
    raise Exception('redis_queue missing in common_site_config.json')
Exception: redis_queue missing in common_site_config.json

2021-06-15 21:08:19,778 ERROR scheduler Exception in Enqueue Events for Site acs.v1
Traceback (most recent call last):
  File "/home/my_user/frappe-bench/apps/frappe/frappe/utils/scheduler.py", line 67, in enqueue_events_for_site
    enqueue_events(site=site)
  File "/home/my_user/frappe-bench/apps/frappe/frappe/utils/scheduler.py", line 84, in enqueue_events
    queued_jobs = get_jobs(site=site, key='job_type').get(site) or []
  File "/home/my_user/frappe-bench/apps/frappe/frappe/utils/background_jobs.py", line 180, in get_jobs
    q = get_queue(queue)
  File "/home/my_user/frappe-bench/apps/frappe/frappe/utils/background_jobs.py", line 224, in get_queue
    return Queue(queue, connection=get_redis_conn(), is_async=is_async)
  File "/home/my_user/frappe-bench/apps/frappe/frappe/utils/background_jobs.py", line 238, in get_redis_conn
    raise Exception('redis_queue missing in common_site_config.json')
Exception: redis_queue missing in common_site_config.json

2021-06-15 21:09:19,936 ERROR scheduler Exception in Enqueue Events for Site acs.v1
Traceback (most recent call last):
  File "/home/my_user/frappe-bench/apps/frappe/frappe/utils/scheduler.py", line 67, in enqueue_events_for_site
    enqueue_events(site=site)
  File "/home/my_user/frappe-bench/apps/frappe/frappe/utils/scheduler.py", line 84, in enqueue_events
    queued_jobs = get_jobs(site=site, key='job_type').get(site) or []
  File "/home/my_user/frappe-bench/apps/frappe/frappe/utils/background_jobs.py", line 180, in get_jobs
    q = get_queue(queue)
  File "/home/my_user/frappe-bench/apps/frappe/frappe/utils/background_jobs.py", line 224, in get_queue
    return Queue(queue, connection=get_redis_conn(), is_async=is_async)
  File "/home/my_user/frappe-bench/apps/frappe/frappe/utils/background_jobs.py", line 238, in get_redis_conn
    raise Exception('redis_queue missing in common_site_config.json')
Exception: redis_queue missing in common_site_config.json

2021-06-15 21:10:20,115 ERROR scheduler Exception in Enqueue Events for Site acs.v1
Traceback (most recent call last):
  File "/home/my_user/frappe-bench/apps/frappe/frappe/utils/scheduler.py", line 67, in enqueue_events_for_site
    enqueue_events(site=site)
  File "/home/my_user/frappe-bench/apps/frappe/frappe/utils/scheduler.py", line 84, in enqueue_events
    queued_jobs = get_jobs(site=site, key='job_type').get(site) or []
  File "/home/my_user/frappe-bench/apps/frappe/frappe/utils/background_jobs.py", line 180, in get_jobs
    q = get_queue(queue)
  File "/home/my_user/frappe-bench/apps/frappe/frappe/utils/background_jobs.py", line 224, in get_queue
    return Queue(queue, connection=get_redis_conn(), is_async=is_async)
  File "/home/my_user/frappe-bench/apps/frappe/frappe/utils/background_jobs.py", line 238, in get_redis_conn
    raise Exception('redis_queue missing in common_site_config.json')
Exception: redis_queue missing in common_site_config.json

2021-06-15 21:11:20,276 ERROR scheduler Exception in Enqueue Events for Site acs.v1
Traceback (most recent call last):
  File "/home/my_user/frappe-bench/apps/frappe/frappe/utils/scheduler.py", line 67, in enqueue_events_for_site
    enqueue_events(site=site)
  File "/home/my_user/frappe-bench/apps/frappe/frappe/utils/scheduler.py", line 84, in enqueue_events
    queued_jobs = get_jobs(site=site, key='job_type').get(site) or []
  File "/home/my_user/frappe-bench/apps/frappe/frappe/utils/background_jobs.py", line 180, in get_jobs
    q = get_queue(queue)
  File "/home/my_user/frappe-bench/apps/frappe/frappe/utils/background_jobs.py", line 224, in get_queue
    return Queue(queue, connection=get_redis_conn(), is_async=is_async)
  File "/home/my_user/frappe-bench/apps/frappe/frappe/utils/background_jobs.py", line 238, in get_redis_conn
    raise Exception('redis_queue missing in common_site_config.json')
Exception: redis_queue missing in common_site_config.json

2021-06-15 21:12:20,430 ERROR scheduler Exception in Enqueue Events for Site acs.v1
Traceback (most recent call last):
  File "/home/my_user/frappe-bench/apps/frappe/frappe/utils/scheduler.py", line 67, in enqueue_events_for_site
    enqueue_events(site=site)
  File "/home/my_user/frappe-bench/apps/frappe/frappe/utils/scheduler.py", line 84, in enqueue_events
    queued_jobs = get_jobs(site=site, key='job_type').get(site) or []
  File "/home/my_user/frappe-bench/apps/frappe/frappe/utils/background_jobs.py", line 180, in get_jobs
    q = get_queue(queue)
  File "/home/my_user/frappe-bench/apps/frappe/frappe/utils/background_jobs.py", line 224, in get_queue
    return Queue(queue, connection=get_redis_conn(), is_async=is_async)
  File "/home/my_user/frappe-bench/apps/frappe/frappe/utils/background_jobs.py", line 238, in get_redis_conn
    raise Exception('redis_queue missing in common_site_config.json')
Exception: redis_queue missing in common_site_config.json

2021-06-15 21:13:20,611 ERROR scheduler Exception in Enqueue Events for Site acs.v1
Traceback (most recent call last):
  File "/home/my_user/frappe-bench/apps/frappe/frappe/utils/scheduler.py", line 67, in enqueue_events_for_site
    enqueue_events(site=site)
  File "/home/my_user/frappe-bench/apps/frappe/frappe/utils/scheduler.py", line 84, in enqueue_events
    queued_jobs = get_jobs(site=site, key='job_type').get(site) or []
  File "/home/my_user/frappe-bench/apps/frappe/frappe/utils/background_jobs.py", line 180, in get_jobs
    q = get_queue(queue)
  File "/home/my_user/frappe-bench/apps/frappe/frappe/utils/background_jobs.py", line 224, in get_queue
    return Queue(queue, connection=get_redis_conn(), is_async=is_async)
  File "/home/my_user/frappe-bench/apps/frappe/frappe/utils/background_jobs.py", line 238, in get_redis_conn
    raise Exception('redis_queue missing in common_site_config.json')
Exception: redis_queue missing in common_site_config.json

2021-06-15 21:14:20,799 ERROR scheduler Exception in Enqueue Events for Site acs.v1
Traceback (most recent call last):
  File "/home/my_user/frappe-bench/apps/frappe/frappe/utils/scheduler.py", line 67, in enqueue_events_for_site
    enqueue_events(site=site)
  File "/home/my_user/frappe-bench/apps/frappe/frappe/utils/scheduler.py", line 84, in enqueue_events
    queued_jobs = get_jobs(site=site, key='job_type').get(site) or []
  File "/home/my_user/frappe-bench/apps/frappe/frappe/utils/background_jobs.py", line 180, in get_jobs
    q = get_queue(queue)
  File "/home/my_user/frappe-bench/apps/frappe/frappe/utils/background_jobs.py", line 224, in get_queue
    return Queue(queue, connection=get_redis_conn(), is_async=is_async)
  File "/home/my_user/frappe-bench/apps/frappe/frappe/utils/background_jobs.py", line 238, in get_redis_conn
    raise Exception('redis_queue missing in common_site_config.json')
Exception: redis_queue missing in common_site_config.json

2021-06-15 21:15:20,962 ERROR scheduler Exception in Enqueue Events for Site acs.v1
Traceback (most recent call last):
  File "/home/my_user/frappe-bench/apps/frappe/frappe/utils/scheduler.py", line 67, in enqueue_events_for_site
    enqueue_events(site=site)
  File "/home/my_user/frappe-bench/apps/frappe/frappe/utils/scheduler.py", line 84, in enqueue_events
    queued_jobs = get_jobs(site=site, key='job_type').get(site) or []
  File "/home/my_user/frappe-bench/apps/frappe/frappe/utils/background_jobs.py", line 180, in get_jobs
    q = get_queue(queue)
  File "/home/my_user/frappe-bench/apps/frappe/frappe/utils/background_jobs.py", line 224, in get_queue
    return Queue(queue, connection=get_redis_conn(), is_async=is_async)
  File "/home/my_user/frappe-bench/apps/frappe/frappe/utils/background_jobs.py", line 238, in get_redis_conn
    raise Exception('redis_queue missing in common_site_config.json')
Exception: redis_queue missing in common_site_config.json

2021-06-15 21:16:21,146 ERROR scheduler Exception in Enqueue Events for Site acs.v1
Traceback (most recent call last):
  File "/home/my_user/frappe-bench/apps/frappe/frappe/utils/scheduler.py", line 67, in enqueue_events_for_site
    enqueue_events(site=site)
  File "/home/my_user/frappe-bench/apps/frappe/frappe/utils/scheduler.py", line 84, in enqueue_events
    queued_jobs = get_jobs(site=site, key='job_type').get(site) or []
  File "/home/my_user/frappe-bench/apps/frappe/frappe/utils/background_jobs.py", line 180, in get_jobs
    q = get_queue(queue)
  File "/home/my_user/frappe-bench/apps/frappe/frappe/utils/background_jobs.py", line 224, in get_queue
    return Queue(queue, connection=get_redis_conn(), is_async=is_async)
  File "/home/my_user/frappe-bench/apps/frappe/frappe/utils/background_jobs.py", line 238, in get_redis_conn
    raise Exception('redis_queue missing in common_site_config.json')
Exception: redis_queue missing in common_site_config.json

2021-06-15 21:17:21,332 ERROR scheduler Exception in Enqueue Events for Site acs.v1
Traceback (most recent call last):
  File "/home/my_user/frappe-bench/apps/frappe/frappe/utils/scheduler.py", line 67, in enqueue_events_for_site
    enqueue_events(site=site)
  File "/home/my_user/frappe-bench/apps/frappe/frappe/utils/scheduler.py", line 84, in enqueue_events
    queued_jobs = get_jobs(site=site, key='job_type').get(site) or []
  File "/home/my_user/frappe-bench/apps/frappe/frappe/utils/background_jobs.py", line 180, in get_jobs
    q = get_queue(queue)
  File "/home/my_user/frappe-bench/apps/frappe/frappe/utils/background_jobs.py", line 224, in get_queue
    return Queue(queue, connection=get_redis_conn(), is_async=is_async)
  File "/home/my_user/frappe-bench/apps/frappe/frappe/utils/background_jobs.py", line 238, in get_redis_conn
    raise Exception('redis_queue missing in common_site_config.json')
Exception: redis_queue missing in common_site_config.json

2021-06-15 21:18:21,513 ERROR scheduler Exception in Enqueue Events for Site acs.v1
Traceback (most recent call last):
  File "/home/my_user/frappe-bench/apps/frappe/frappe/utils/scheduler.py", line 67, in enqueue_events_for_site
    enqueue_events(site=site)
  File "/home/my_user/frappe-bench/apps/frappe/frappe/utils/scheduler.py", line 84, in enqueue_events
    queued_jobs = get_jobs(site=site, key='job_type').get(site) or []
  File "/home/my_user/frappe-bench/apps/frappe/frappe/utils/background_jobs.py", line 180, in get_jobs
    q = get_queue(queue)
  File "/home/my_user/frappe-bench/apps/frappe/frappe/utils/background_jobs.py", line 224, in get_queue
    return Queue(queue, connection=get_redis_conn(), is_async=is_async)
  File "/home/my_user/frappe-bench/apps/frappe/frappe/utils/background_jobs.py", line 238, in get_redis_conn
    raise Exception('redis_queue missing in common_site_config.json')
Exception: redis_queue missing in common_site_config.json

2021-06-15 21:19:21,709 ERROR scheduler Exception in Enqueue Events for Site acs.v1
Traceback (most recent call last):
  File "/home/my_user/frappe-bench/apps/frappe/frappe/utils/scheduler.py", line 67, in enqueue_events_for_site
    enqueue_events(site=site)
  File "/home/my_user/frappe-bench/apps/frappe/frappe/utils/scheduler.py", line 84, in enqueue_events
    queued_jobs = get_jobs(site=site, key='job_type').get(site) or []
  File "/home/my_user/frappe-bench/apps/frappe/frappe/utils/background_jobs.py", line 180, in get_jobs
    q = get_queue(queue)
  File "/home/my_user/frappe-bench/apps/frappe/frappe/utils/background_jobs.py", line 224, in get_queue
    return Queue(queue, connection=get_redis_conn(), is_async=is_async)
  File "/home/my_user/frappe-bench/apps/frappe/frappe/utils/background_jobs.py", line 238, in get_redis_conn
    raise Exception('redis_queue missing in common_site_config.json')
Exception: redis_queue missing in common_site_config.json

2021-06-15 21:20:21,926 ERROR scheduler Exception in Enqueue Events for Site acs.v1
Traceback (most recent call last):
  File "/home/my_user/frappe-bench/apps/frappe/frappe/utils/scheduler.py", line 67, in enqueue_events_for_site
    enqueue_events(site=site)
  File "/home/my_user/frappe-bench/apps/frappe/frappe/utils/scheduler.py", line 84, in enqueue_events
    queued_jobs = get_jobs(site=site, key='job_type').get(site) or []
  File "/home/my_user/frappe-bench/apps/frappe/frappe/utils/background_jobs.py", line 180, in get_jobs
    q = get_queue(queue)
  File "/home/my_user/frappe-bench/apps/frappe/frappe/utils/background_jobs.py", line 224, in get_queue
    return Queue(queue, connection=get_redis_conn(), is_async=is_async)
  File "/home/my_user/frappe-bench/apps/frappe/frappe/utils/background_jobs.py", line 238, in get_redis_conn
    raise Exception('redis_queue missing in common_site_config.json')
Exception: redis_queue missing in common_site_config.json

2021-06-15 21:21:22,135 ERROR scheduler Exception in Enqueue Events for Site acs.v1
Traceback (most recent call last):
  File "/home/my_user/frappe-bench/apps/frappe/frappe/utils/scheduler.py", line 67, in enqueue_events_for_site
    enqueue_events(site=site)
  File "/home/my_user/frappe-bench/apps/frappe/frappe/utils/scheduler.py", line 84, in enqueue_events
    queued_jobs = get_jobs(site=site, key='job_type').get(site) or []
  File "/home/my_user/frappe-bench/apps/frappe/frappe/utils/background_jobs.py", line 180, in get_jobs
    q = get_queue(queue)
  File "/home/my_user/frappe-bench/apps/frappe/frappe/utils/background_jobs.py", line 224, in get_queue
    return Queue(queue, connection=get_redis_conn(), is_async=is_async)
  File "/home/my_user/frappe-bench/apps/frappe/frappe/utils/background_jobs.py", line 238, in get_redis_conn
    raise Exception('redis_queue missing in common_site_config.json')
Exception: redis_queue missing in common_site_config.json

2021-06-15 21:22:22,326 ERROR scheduler Exception in Enqueue Events for Site acs.v1
Traceback (most recent call last):
  File "/home/my_user/frappe-bench/apps/frappe/frappe/utils/scheduler.py", line 67, in enqueue_events_for_site
    enqueue_events(site=site)
  File "/home/my_user/frappe-bench/apps/frappe/frappe/utils/scheduler.py", line 84, in enqueue_events
    queued_jobs = get_jobs(site=site, key='job_type').get(site) or []
  File "/home/my_user/frappe-bench/apps/frappe/frappe/utils/background_jobs.py", line 180, in get_jobs
    q = get_queue(queue)
  File "/home/my_user/frappe-bench/apps/frappe/frappe/utils/background_jobs.py", line 224, in get_queue
    return Queue(queue, connection=get_redis_conn(), is_async=is_async)
  File "/home/my_user/frappe-bench/apps/frappe/frappe/utils/background_jobs.py", line 238, in get_redis_conn
    raise Exception('redis_queue missing in common_site_config.json')
Exception: redis_queue missing in common_site_config.json

2021-06-15 21:23:22,517 ERROR scheduler Exception in Enqueue Events for Site acs.v1
Traceback (most recent call last):
  File "/home/my_user/frappe-bench/apps/frappe/frappe/utils/scheduler.py", line 67, in enqueue_events_for_site
    enqueue_events(site=site)
  File "/home/my_user/frappe-bench/apps/frappe/frappe/utils/scheduler.py", line 84, in enqueue_events
    queued_jobs = get_jobs(site=site, key='job_type').get(site) or []
  File "/home/my_user/frappe-bench/apps/frappe/frappe/utils/background_jobs.py", line 180, in get_jobs
    q = get_queue(queue)
  File "/home/my_user/frappe-bench/apps/frappe/frappe/utils/background_jobs.py", line 224, in get_queue
    return Queue(queue, connection=get_redis_conn(), is_async=is_async)
  File "/home/my_user/frappe-bench/apps/frappe/frappe/utils/background_jobs.py", line 238, in get_redis_conn
    raise Exception('redis_queue missing in common_site_config.json')
Exception: redis_queue missing in common_site_config.json

2021-06-15 21:24:22,725 ERROR scheduler Exception in Enqueue Events for Site acs.v1
Traceback (most recent call last):
  File "/home/my_user/frappe-bench/apps/frappe/frappe/utils/scheduler.py", line 67, in enqueue_events_for_site
    enqueue_events(site=site)
  File "/home/my_user/frappe-bench/apps/frappe/frappe/utils/scheduler.py", line 84, in enqueue_events
    queued_jobs = get_jobs(site=site, key='job_type').get(site) or []
  File "/home/my_user/frappe-bench/apps/frappe/frappe/utils/background_jobs.py", line 180, in get_jobs
    q = get_queue(queue)
  File "/home/my_user/frappe-bench/apps/frappe/frappe/utils/background_jobs.py", line 224, in get_queue
    return Queue(queue, connection=get_redis_conn(), is_async=is_async)
  File "/home/my_user/frappe-bench/apps/frappe/frappe/utils/background_jobs.py", line 238, in get_redis_conn
    raise Exception('redis_queue missing in common_site_config.json')
Exception: redis_queue missing in common_site_config.json

2021-06-15 21:25:22,915 ERROR scheduler Exception in Enqueue Events for Site acs.v1
Traceback (most recent call last):
  File "/home/my_user/frappe-bench/apps/frappe/frappe/utils/scheduler.py", line 67, in enqueue_events_for_site
    enqueue_events(site=site)
  File "/home/my_user/frappe-bench/apps/frappe/frappe/utils/scheduler.py", line 84, in enqueue_events
    queued_jobs = get_jobs(site=site, key='job_type').get(site) or []
  File "/home/my_user/frappe-bench/apps/frappe/frappe/utils/background_jobs.py", line 180, in get_jobs
    q = get_queue(queue)
  File "/home/my_user/frappe-bench/apps/frappe/frappe/utils/background_jobs.py", line 224, in get_queue
    return Queue(queue, connection=get_redis_conn(), is_async=is_async)
  File "/home/my_user/frappe-bench/apps/frappe/frappe/utils/background_jobs.py", line 238, in get_redis_conn
    raise Exception('redis_queue missing in common_site_config.json')
Exception: redis_queue missing in common_site_config.json

2021-06-15 21:26:23,118 ERROR scheduler Exception in Enqueue Events for Site acs.v1
Traceback (most recent call last):
  File "/home/my_user/frappe-bench/apps/frappe/frappe/utils/scheduler.py", line 67, in enqueue_events_for_site
    enqueue_events(site=site)
  File "/home/my_user/frappe-bench/apps/frappe/frappe/utils/scheduler.py", line 84, in enqueue_events
    queued_jobs = get_jobs(site=site, key='job_type').get(site) or []
  File "/home/my_user/frappe-bench/apps/frappe/frappe/utils/background_jobs.py", line 180, in get_jobs
    q = get_queue(queue)
  File "/home/my_user/frappe-bench/apps/frappe/frappe/utils/background_jobs.py", line 224, in get_queue
    return Queue(queue, connection=get_redis_conn(), is_async=is_async)
  File "/home/my_user/frappe-bench/apps/frappe/frappe/utils/background_jobs.py", line 238, in get_redis_conn
    raise Exception('redis_queue missing in common_site_config.json')
Exception: redis_queue missing in common_site_config.json

2021-06-15 21:27:23,308 ERROR scheduler Exception in Enqueue Events for Site acs.v1
Traceback (most recent call last):
  File "/home/my_user/frappe-bench/apps/frappe/frappe/utils/scheduler.py", line 67, in enqueue_events_for_site
    enqueue_events(site=site)
  File "/home/my_user/frappe-bench/apps/frappe/frappe/utils/scheduler.py", line 84, in enqueue_events
    queued_jobs = get_jobs(site=site, key='job_type').get(site) or []
  File "/home/my_user/frappe-bench/apps/frappe/frappe/utils/background_jobs.py", line 180, in get_jobs
    q = get_queue(queue)
  File "/home/my_user/frappe-bench/apps/frappe/frappe/utils/background_jobs.py", line 224, in get_queue
    return Queue(queue, connection=get_redis_conn(), is_async=is_async)
  File "/home/my_user/frappe-bench/apps/frappe/frappe/utils/background_jobs.py", line 238, in get_redis_conn
    raise Exception('redis_queue missing in common_site_config.json')
Exception: redis_queue missing in common_site_config.json

2021-06-15 21:28:23,505 ERROR scheduler Exception in Enqueue Events for Site acs.v1
Traceback (most recent call last):
  File "/home/my_user/frappe-bench/apps/frappe/frappe/utils/scheduler.py", line 67, in enqueue_events_for_site
    enqueue_events(site=site)
  File "/home/my_user/frappe-bench/apps/frappe/frappe/utils/scheduler.py", line 84, in enqueue_events
    queued_jobs = get_jobs(site=site, key='job_type').get(site) or []
  File "/home/my_user/frappe-bench/apps/frappe/frappe/utils/background_jobs.py", line 180, in get_jobs
    q = get_queue(queue)
  File "/home/my_user/frappe-bench/apps/frappe/frappe/utils/background_jobs.py", line 224, in get_queue
    return Queue(queue, connection=get_redis_conn(), is_async=is_async)
  File "/home/my_user/frappe-bench/apps/frappe/frappe/utils/background_jobs.py", line 238, in get_redis_conn
    raise Exception('redis_queue missing in common_site_config.json')
Exception: redis_queue missing in common_site_config.json

2021-06-15 21:29:23,757 ERROR scheduler Exception in Enqueue Events for Site acs.v1
Traceback (most recent call last):
  File "/home/my_user/frappe-bench/apps/frappe/frappe/utils/scheduler.py", line 67, in enqueue_events_for_site
    enqueue_events(site=site)
  File "/home/my_user/frappe-bench/apps/frappe/frappe/utils/scheduler.py", line 84, in enqueue_events
    queued_jobs = get_jobs(site=site, key='job_type').get(site) or []
  File "/home/my_user/frappe-bench/apps/frappe/frappe/utils/background_jobs.py", line 180, in get_jobs
    q = get_queue(queue)
  File "/home/my_user/frappe-bench/apps/frappe/frappe/utils/background_jobs.py", line 224, in get_queue
    return Queue(queue, connection=get_redis_conn(), is_async=is_async)
  File "/home/my_user/frappe-bench/apps/frappe/frappe/utils/background_jobs.py", line 238, in get_redis_conn
    raise Exception('redis_queue missing in common_site_config.json')
Exception: redis_queue missing in common_site_config.json

2021-06-15 21:30:23,962 ERROR scheduler Exception in Enqueue Events for Site acs.v1
Traceback (most recent call last):
  File "/home/my_user/frappe-bench/apps/frappe/frappe/utils/scheduler.py", line 67, in enqueue_events_for_site
    enqueue_events(site=site)
  File "/home/my_user/frappe-bench/apps/frappe/frappe/utils/scheduler.py", line 84, in enqueue_events
    queued_jobs = get_jobs(site=site, key='job_type').get(site) or []
  File "/home/my_user/frappe-bench/apps/frappe/frappe/utils/background_jobs.py", line 180, in get_jobs
    q = get_queue(queue)
  File "/home/my_user/frappe-bench/apps/frappe/frappe/utils/background_jobs.py", line 224, in get_queue
    return Queue(queue, connection=get_redis_conn(), is_async=is_async)
  File "/home/my_user/frappe-bench/apps/frappe/frappe/utils/background_jobs.py", line 238, in get_redis_conn
    raise Exception('redis_queue missing in common_site_config.json')
Exception: redis_queue missing in common_site_config.json

2021-06-15 21:31:24,168 ERROR scheduler Exception in Enqueue Events for Site acs.v1
Traceback (most recent call last):
  File "/home/my_user/frappe-bench/apps/frappe/frappe/utils/scheduler.py", line 67, in enqueue_events_for_site
    enqueue_events(site=site)
  File "/home/my_user/frappe-bench/apps/frappe/frappe/utils/scheduler.py", line 84, in enqueue_events
    queued_jobs = get_jobs(site=site, key='job_type').get(site) or []
  File "/home/my_user/frappe-bench/apps/frappe/frappe/utils/background_jobs.py", line 180, in get_jobs
    q = get_queue(queue)
  File "/home/my_user/frappe-bench/apps/frappe/frappe/utils/background_jobs.py", line 224, in get_queue
    return Queue(queue, connection=get_redis_conn(), is_async=is_async)
  File "/home/my_user/frappe-bench/apps/frappe/frappe/utils/background_jobs.py", line 238, in get_redis_conn
    raise Exception('redis_queue missing in common_site_config.json')
Exception: redis_queue missing in common_site_config.json

2021-06-15 21:32:24,342 ERROR scheduler Exception in Enqueue Events for Site acs.v1
Traceback (most recent call last):
  File "/home/my_user/frappe-bench/apps/frappe/frappe/utils/scheduler.py", line 67, in enqueue_events_for_site
    enqueue_events(site=site)
  File "/home/my_user/frappe-bench/apps/frappe/frappe/utils/scheduler.py", line 84, in enqueue_events
    queued_jobs = get_jobs(site=site, key='job_type').get(site) or []
  File "/home/my_user/frappe-bench/apps/frappe/frappe/utils/background_jobs.py", line 180, in get_jobs
    q = get_queue(queue)
  File "/home/my_user/frappe-bench/apps/frappe/frappe/utils/background_jobs.py", line 224, in get_queue
    return Queue(queue, connection=get_redis_conn(), is_async=is_async)
  File "/home/my_user/frappe-bench/apps/frappe/frappe/utils/background_jobs.py", line 238, in get_redis_conn
    raise Exception('redis_queue missing in common_site_config.json')
Exception: redis_queue missing in common_site_config.json

2021-06-15 21:33:24,540 ERROR scheduler Exception in Enqueue Events for Site acs.v1
Traceback (most recent call last):
  File "/home/my_user/frappe-bench/apps/frappe/frappe/utils/scheduler.py", line 67, in enqueue_events_for_site
    enqueue_events(site=site)
  File "/home/my_user/frappe-bench/apps/frappe/frappe/utils/scheduler.py", line 84, in enqueue_events
    queued_jobs = get_jobs(site=site, key='job_type').get(site) or []
  File "/home/my_user/frappe-bench/apps/frappe/frappe/utils/background_jobs.py", line 180, in get_jobs
    q = get_queue(queue)
  File "/home/my_user/frappe-bench/apps/frappe/frappe/utils/background_jobs.py", line 224, in get_queue
    return Queue(queue, connection=get_redis_conn(), is_async=is_async)
  File "/home/my_user/frappe-bench/apps/frappe/frappe/utils/background_jobs.py", line 238, in get_redis_conn
    raise Exception('redis_queue missing in common_site_config.json')
Exception: redis_queue missing in common_site_config.json

2021-06-15 21:34:24,721 ERROR scheduler Exception in Enqueue Events for Site acs.v1
Traceback (most recent call last):
  File "/home/my_user/frappe-bench/apps/frappe/frappe/utils/scheduler.py", line 67, in enqueue_events_for_site
    enqueue_events(site=site)
  File "/home/my_user/frappe-bench/apps/frappe/frappe/utils/scheduler.py", line 84, in enqueue_events
    queued_jobs = get_jobs(site=site, key='job_type').get(site) or []
  File "/home/my_user/frappe-bench/apps/frappe/frappe/utils/background_jobs.py", line 180, in get_jobs
    q = get_queue(queue)
  File "/home/my_user/frappe-bench/apps/frappe/frappe/utils/background_jobs.py", line 224, in get_queue
    return Queue(queue, connection=get_redis_conn(), is_async=is_async)
  File "/home/my_user/frappe-bench/apps/frappe/frappe/utils/background_jobs.py", line 238, in get_redis_conn
    raise Exception('redis_queue missing in common_site_config.json')
Exception: redis_queue missing in common_site_config.json

2021-06-15 21:35:24,907 ERROR scheduler Exception in Enqueue Events for Site acs.v1
Traceback (most recent call last):
  File "/home/my_user/frappe-bench/apps/frappe/frappe/utils/scheduler.py", line 67, in enqueue_events_for_site
    enqueue_events(site=site)
  File "/home/my_user/frappe-bench/apps/frappe/frappe/utils/scheduler.py", line 84, in enqueue_events
    queued_jobs = get_jobs(site=site, key='job_type').get(site) or []
  File "/home/my_user/frappe-bench/apps/frappe/frappe/utils/background_jobs.py", line 180, in get_jobs
    q = get_queue(queue)
  File "/home/my_user/frappe-bench/apps/frappe/frappe/utils/background_jobs.py", line 224, in get_queue
    return Queue(queue, connection=get_redis_conn(), is_async=is_async)
  File "/home/my_user/frappe-bench/apps/frappe/frappe/utils/background_jobs.py", line 238, in get_redis_conn
    raise Exception('redis_queue missing in common_site_config.json')
Exception: redis_queue missing in common_site_config.json

2021-06-15 21:36:25,093 ERROR scheduler Exception in Enqueue Events for Site acs.v1
Traceback (most recent call last):
  File "/home/my_user/frappe-bench/apps/frappe/frappe/utils/scheduler.py", line 67, in enqueue_events_for_site
    enqueue_events(site=site)
  File "/home/my_user/frappe-bench/apps/frappe/frappe/utils/scheduler.py", line 84, in enqueue_events
    queued_jobs = get_jobs(site=site, key='job_type').get(site) or []
  File "/home/my_user/frappe-bench/apps/frappe/frappe/utils/background_jobs.py", line 180, in get_jobs
    q = get_queue(queue)
  File "/home/my_user/frappe-bench/apps/frappe/frappe/utils/background_jobs.py", line 224, in get_queue
    return Queue(queue, connection=get_redis_conn(), is_async=is_async)
  File "/home/my_user/frappe-bench/apps/frappe/frappe/utils/background_jobs.py", line 238, in get_redis_conn
    raise Exception('redis_queue missing in common_site_config.json')
Exception: redis_queue missing in common_site_config.json

2021-06-15 21:37:25,281 ERROR scheduler Exception in Enqueue Events for Site acs.v1
Traceback (most recent call last):
  File "/home/my_user/frappe-bench/apps/frappe/frappe/utils/scheduler.py", line 67, in enqueue_events_for_site
    enqueue_events(site=site)
  File "/home/my_user/frappe-bench/apps/frappe/frappe/utils/scheduler.py", line 84, in enqueue_events
    queued_jobs = get_jobs(site=site, key='job_type').get(site) or []
  File "/home/my_user/frappe-bench/apps/frappe/frappe/utils/background_jobs.py", line 180, in get_jobs
    q = get_queue(queue)
  File "/home/my_user/frappe-bench/apps/frappe/frappe/utils/background_jobs.py", line 224, in get_queue
    return Queue(queue, connection=get_redis_conn(), is_async=is_async)
  File "/home/my_user/frappe-bench/apps/frappe/frappe/utils/background_jobs.py", line 238, in get_redis_conn
    raise Exception('redis_queue missing in common_site_config.json')
Exception: redis_queue missing in common_site_config.json

2021-06-15 21:38:25,471 ERROR scheduler Exception in Enqueue Events for Site acs.v1
Traceback (most recent call last):
  File "/home/my_user/frappe-bench/apps/frappe/frappe/utils/scheduler.py", line 67, in enqueue_events_for_site
    enqueue_events(site=site)
  File "/home/my_user/frappe-bench/apps/frappe/frappe/utils/scheduler.py", line 84, in enqueue_events
    queued_jobs = get_jobs(site=site, key='job_type').get(site) or []
  File "/home/my_user/frappe-bench/apps/frappe/frappe/utils/background_jobs.py", line 180, in get_jobs
    q = get_queue(queue)
  File "/home/my_user/frappe-bench/apps/frappe/frappe/utils/background_jobs.py", line 224, in get_queue
    return Queue(queue, connection=get_redis_conn(), is_async=is_async)
  File "/home/my_user/frappe-bench/apps/frappe/frappe/utils/background_jobs.py", line 238, in get_redis_conn
    raise Exception('redis_queue missing in common_site_config.json')
Exception: redis_queue missing in common_site_config.json

2021-06-15 21:39:25,655 ERROR scheduler Exception in Enqueue Events for Site acs.v1
Traceback (most recent call last):
  File "/home/my_user/frappe-bench/apps/frappe/frappe/utils/scheduler.py", line 67, in enqueue_events_for_site
    enqueue_events(site=site)
  File "/home/my_user/frappe-bench/apps/frappe/frappe/utils/scheduler.py", line 84, in enqueue_events
    queued_jobs = get_jobs(site=site, key='job_type').get(site) or []
  File "/home/my_user/frappe-bench/apps/frappe/frappe/utils/background_jobs.py", line 180, in get_jobs
    q = get_queue(queue)
  File "/home/my_user/frappe-bench/apps/frappe/frappe/utils/background_jobs.py", line 224, in get_queue
    return Queue(queue, connection=get_redis_conn(), is_async=is_async)
  File "/home/my_user/frappe-bench/apps/frappe/frappe/utils/background_jobs.py", line 238, in get_redis_conn
    raise Exception('redis_queue missing in common_site_config.json')
Exception: redis_queue missing in common_site_config.json

2021-06-15 21:40:25,823 ERROR scheduler Exception in Enqueue Events for Site acs.v1
Traceback (most recent call last):
  File "/home/my_user/frappe-bench/apps/frappe/frappe/utils/scheduler.py", line 67, in enqueue_events_for_site
    enqueue_events(site=site)
  File "/home/my_user/frappe-bench/apps/frappe/frappe/utils/scheduler.py", line 84, in enqueue_events
    queued_jobs = get_jobs(site=site, key='job_type').get(site) or []
  File "/home/my_user/frappe-bench/apps/frappe/frappe/utils/background_jobs.py", line 180, in get_jobs
    q = get_queue(queue)
  File "/home/my_user/frappe-bench/apps/frappe/frappe/utils/background_jobs.py", line 224, in get_queue
    return Queue(queue, connection=get_redis_conn(), is_async=is_async)
  File "/home/my_user/frappe-bench/apps/frappe/frappe/utils/background_jobs.py", line 238, in get_redis_conn
    raise Exception('redis_queue missing in common_site_config.json')
Exception: redis_queue missing in common_site_config.json

2021-06-15 21:41:26,019 ERROR scheduler Exception in Enqueue Events for Site acs.v1
Traceback (most recent call last):
  File "/home/my_user/frappe-bench/apps/frappe/frappe/utils/scheduler.py", line 67, in enqueue_events_for_site
    enqueue_events(site=site)
  File "/home/my_user/frappe-bench/apps/frappe/frappe/utils/scheduler.py", line 84, in enqueue_events
    queued_jobs = get_jobs(site=site, key='job_type').get(site) or []
  File "/home/my_user/frappe-bench/apps/frappe/frappe/utils/background_jobs.py", line 180, in get_jobs
    q = get_queue(queue)
  File "/home/my_user/frappe-bench/apps/frappe/frappe/utils/background_jobs.py", line 224, in get_queue
    return Queue(queue, connection=get_redis_conn(), is_async=is_async)
  File "/home/my_user/frappe-bench/apps/frappe/frappe/utils/background_jobs.py", line 238, in get_redis_conn
    raise Exception('redis_queue missing in common_site_config.json')
Exception: redis_queue missing in common_site_config.json

2021-06-15 21:42:26,193 ERROR scheduler Exception in Enqueue Events for Site acs.v1
Traceback (most recent call last):
  File "/home/my_user/frappe-bench/apps/frappe/frappe/utils/scheduler.py", line 67, in enqueue_events_for_site
    enqueue_events(site=site)
  File "/home/my_user/frappe-bench/apps/frappe/frappe/utils/scheduler.py", line 84, in enqueue_events
    queued_jobs = get_jobs(site=site, key='job_type').get(site) or []
  File "/home/my_user/frappe-bench/apps/frappe/frappe/utils/background_jobs.py", line 180, in get_jobs
    q = get_queue(queue)
  File "/home/my_user/frappe-bench/apps/frappe/frappe/utils/background_jobs.py", line 224, in get_queue
    return Queue(queue, connection=get_redis_conn(), is_async=is_async)
  File "/home/my_user/frappe-bench/apps/frappe/frappe/utils/background_jobs.py", line 238, in get_redis_conn
    raise Exception('redis_queue missing in common_site_config.json')
Exception: redis_queue missing in common_site_config.json

2021-06-15 21:43:26,392 ERROR scheduler Exception in Enqueue Events for Site acs.v1
Traceback (most recent call last):
  File "/home/my_user/frappe-bench/apps/frappe/frappe/utils/scheduler.py", line 67, in enqueue_events_for_site
    enqueue_events(site=site)
  File "/home/my_user/frappe-bench/apps/frappe/frappe/utils/scheduler.py", line 84, in enqueue_events
    queued_jobs = get_jobs(site=site, key='job_type').get(site) or []
  File "/home/my_user/frappe-bench/apps/frappe/frappe/utils/background_jobs.py", line 180, in get_jobs
    q = get_queue(queue)
  File "/home/my_user/frappe-bench/apps/frappe/frappe/utils/background_jobs.py", line 224, in get_queue
    return Queue(queue, connection=get_redis_conn(), is_async=is_async)
  File "/home/my_user/frappe-bench/apps/frappe/frappe/utils/background_jobs.py", line 238, in get_redis_conn
    raise Exception('redis_queue missing in common_site_config.json')
Exception: redis_queue missing in common_site_config.json

2021-06-15 21:44:26,586 ERROR scheduler Exception in Enqueue Events for Site acs.v1
Traceback (most recent call last):
  File "/home/my_user/frappe-bench/apps/frappe/frappe/utils/scheduler.py", line 67, in enqueue_events_for_site
    enqueue_events(site=site)
  File "/home/my_user/frappe-bench/apps/frappe/frappe/utils/scheduler.py", line 84, in enqueue_events
    queued_jobs = get_jobs(site=site, key='job_type').get(site) or []
  File "/home/my_user/frappe-bench/apps/frappe/frappe/utils/background_jobs.py", line 180, in get_jobs
    q = get_queue(queue)
  File "/home/my_user/frappe-bench/apps/frappe/frappe/utils/background_jobs.py", line 224, in get_queue
    return Queue(queue, connection=get_redis_conn(), is_async=is_async)
  File "/home/my_user/frappe-bench/apps/frappe/frappe/utils/background_jobs.py", line 238, in get_redis_conn
    raise Exception('redis_queue missing in common_site_config.json')
Exception: redis_queue missing in common_site_config.json

2021-06-15 21:45:26,761 ERROR scheduler Exception in Enqueue Events for Site acs.v1
Traceback (most recent call last):
  File "/home/my_user/frappe-bench/apps/frappe/frappe/utils/scheduler.py", line 67, in enqueue_events_for_site
    enqueue_events(site=site)
  File "/home/my_user/frappe-bench/apps/frappe/frappe/utils/scheduler.py", line 84, in enqueue_events
    queued_jobs = get_jobs(site=site, key='job_type').get(site) or []
  File "/home/my_user/frappe-bench/apps/frappe/frappe/utils/background_jobs.py", line 180, in get_jobs
    q = get_queue(queue)
  File "/home/my_user/frappe-bench/apps/frappe/frappe/utils/background_jobs.py", line 224, in get_queue
    return Queue(queue, connection=get_redis_conn(), is_async=is_async)
  File "/home/my_user/frappe-bench/apps/frappe/frappe/utils/background_jobs.py", line 238, in get_redis_conn
    raise Exception('redis_queue missing in common_site_config.json')
Exception: redis_queue missing in common_site_config.json

2021-06-15 21:46:26,958 ERROR scheduler Exception in Enqueue Events for Site acs.v1
Traceback (most recent call last):
  File "/home/my_user/frappe-bench/apps/frappe/frappe/utils/scheduler.py", line 67, in enqueue_events_for_site
    enqueue_events(site=site)
  File "/home/my_user/frappe-bench/apps/frappe/frappe/utils/scheduler.py", line 84, in enqueue_events
    queued_jobs = get_jobs(site=site, key='job_type').get(site) or []
  File "/home/my_user/frappe-bench/apps/frappe/frappe/utils/background_jobs.py", line 180, in get_jobs
    q = get_queue(queue)
  File "/home/my_user/frappe-bench/apps/frappe/frappe/utils/background_jobs.py", line 224, in get_queue
    return Queue(queue, connection=get_redis_conn(), is_async=is_async)
  File "/home/my_user/frappe-bench/apps/frappe/frappe/utils/background_jobs.py", line 238, in get_redis_conn
    raise Exception('redis_queue missing in common_site_config.json')
Exception: redis_queue missing in common_site_config.json

2021-06-15 21:47:27,148 ERROR scheduler Exception in Enqueue Events for Site acs.v1
Traceback (most recent call last):
  File "/home/my_user/frappe-bench/apps/frappe/frappe/utils/scheduler.py", line 67, in enqueue_events_for_site
    enqueue_events(site=site)
  File "/home/my_user/frappe-bench/apps/frappe/frappe/utils/scheduler.py", line 84, in enqueue_events
    queued_jobs = get_jobs(site=site, key='job_type').get(site) or []
  File "/home/my_user/frappe-bench/apps/frappe/frappe/utils/background_jobs.py", line 180, in get_jobs
    q = get_queue(queue)
  File "/home/my_user/frappe-bench/apps/frappe/frappe/utils/background_jobs.py", line 224, in get_queue
    return Queue(queue, connection=get_redis_conn(), is_async=is_async)
  File "/home/my_user/frappe-bench/apps/frappe/frappe/utils/background_jobs.py", line 238, in get_redis_conn
    raise Exception('redis_queue missing in common_site_config.json')
Exception: redis_queue missing in common_site_config.json

2021-06-15 21:48:27,309 ERROR scheduler Exception in Enqueue Events for Site acs.v1
Traceback (most recent call last):
  File "/home/my_user/frappe-bench/apps/frappe/frappe/utils/scheduler.py", line 67, in enqueue_events_for_site
    enqueue_events(site=site)
  File "/home/my_user/frappe-bench/apps/frappe/frappe/utils/scheduler.py", line 84, in enqueue_events
    queued_jobs = get_jobs(site=site, key='job_type').get(site) or []
  File "/home/my_user/frappe-bench/apps/frappe/frappe/utils/background_jobs.py", line 180, in get_jobs
    q = get_queue(queue)
  File "/home/my_user/frappe-bench/apps/frappe/frappe/utils/background_jobs.py", line 224, in get_queue
    return Queue(queue, connection=get_redis_conn(), is_async=is_async)
  File "/home/my_user/frappe-bench/apps/frappe/frappe/utils/background_jobs.py", line 238, in get_redis_conn
    raise Exception('redis_queue missing in common_site_config.json')
Exception: redis_queue missing in common_site_config.json

2021-06-15 21:49:27,500 ERROR scheduler Exception in Enqueue Events for Site acs.v1
Traceback (most recent call last):
  File "/home/my_user/frappe-bench/apps/frappe/frappe/utils/scheduler.py", line 67, in enqueue_events_for_site
    enqueue_events(site=site)
  File "/home/my_user/frappe-bench/apps/frappe/frappe/utils/scheduler.py", line 84, in enqueue_events
    queued_jobs = get_jobs(site=site, key='job_type').get(site) or []
  File "/home/my_user/frappe-bench/apps/frappe/frappe/utils/background_jobs.py", line 180, in get_jobs
    q = get_queue(queue)
  File "/home/my_user/frappe-bench/apps/frappe/frappe/utils/background_jobs.py", line 224, in get_queue
    return Queue(queue, connection=get_redis_conn(), is_async=is_async)
  File "/home/my_user/frappe-bench/apps/frappe/frappe/utils/background_jobs.py", line 238, in get_redis_conn
    raise Exception('redis_queue missing in common_site_config.json')
Exception: redis_queue missing in common_site_config.json

2021-06-15 21:50:27,695 ERROR scheduler Exception in Enqueue Events for Site acs.v1
Traceback (most recent call last):
  File "/home/my_user/frappe-bench/apps/frappe/frappe/utils/scheduler.py", line 67, in enqueue_events_for_site
    enqueue_events(site=site)
  File "/home/my_user/frappe-bench/apps/frappe/frappe/utils/scheduler.py", line 84, in enqueue_events
    queued_jobs = get_jobs(site=site, key='job_type').get(site) or []
  File "/home/my_user/frappe-bench/apps/frappe/frappe/utils/background_jobs.py", line 180, in get_jobs
    q = get_queue(queue)
  File "/home/my_user/frappe-bench/apps/frappe/frappe/utils/background_jobs.py", line 224, in get_queue
    return Queue(queue, connection=get_redis_conn(), is_async=is_async)
  File "/home/my_user/frappe-bench/apps/frappe/frappe/utils/background_jobs.py", line 238, in get_redis_conn
    raise Exception('redis_queue missing in common_site_config.json')
Exception: redis_queue missing in common_site_config.json

2021-06-15 21:51:27,885 ERROR scheduler Exception in Enqueue Events for Site acs.v1
Traceback (most recent call last):
  File "/home/my_user/frappe-bench/apps/frappe/frappe/utils/scheduler.py", line 67, in enqueue_events_for_site
    enqueue_events(site=site)
  File "/home/my_user/frappe-bench/apps/frappe/frappe/utils/scheduler.py", line 84, in enqueue_events
    queued_jobs = get_jobs(site=site, key='job_type').get(site) or []
  File "/home/my_user/frappe-bench/apps/frappe/frappe/utils/background_jobs.py", line 180, in get_jobs
    q = get_queue(queue)
  File "/home/my_user/frappe-bench/apps/frappe/frappe/utils/background_jobs.py", line 224, in get_queue
    return Queue(queue, connection=get_redis_conn(), is_async=is_async)
  File "/home/my_user/frappe-bench/apps/frappe/frappe/utils/background_jobs.py", line 238, in get_redis_conn
    raise Exception('redis_queue missing in common_site_config.json')
Exception: redis_queue missing in common_site_config.json

2021-06-15 21:52:28,074 ERROR scheduler Exception in Enqueue Events for Site acs.v1
Traceback (most recent call last):
  File "/home/my_user/frappe-bench/apps/frappe/frappe/utils/scheduler.py", line 67, in enqueue_events_for_site
    enqueue_events(site=site)
  File "/home/my_user/frappe-bench/apps/frappe/frappe/utils/scheduler.py", line 84, in enqueue_events
    queued_jobs = get_jobs(site=site, key='job_type').get(site) or []
  File "/home/my_user/frappe-bench/apps/frappe/frappe/utils/background_jobs.py", line 180, in get_jobs
    q = get_queue(queue)
  File "/home/my_user/frappe-bench/apps/frappe/frappe/utils/background_jobs.py", line 224, in get_queue
    return Queue(queue, connection=get_redis_conn(), is_async=is_async)
  File "/home/my_user/frappe-bench/apps/frappe/frappe/utils/background_jobs.py", line 238, in get_redis_conn
    raise Exception('redis_queue missing in common_site_config.json')
Exception: redis_queue missing in common_site_config.json

2021-06-15 21:53:28,267 ERROR scheduler Exception in Enqueue Events for Site acs.v1
Traceback (most recent call last):
  File "/home/my_user/frappe-bench/apps/frappe/frappe/utils/scheduler.py", line 67, in enqueue_events_for_site
    enqueue_events(site=site)
  File "/home/my_user/frappe-bench/apps/frappe/frappe/utils/scheduler.py", line 84, in enqueue_events
    queued_jobs = get_jobs(site=site, key='job_type').get(site) or []
  File "/home/my_user/frappe-bench/apps/frappe/frappe/utils/background_jobs.py", line 180, in get_jobs
    q = get_queue(queue)
  File "/home/my_user/frappe-bench/apps/frappe/frappe/utils/background_jobs.py", line 224, in get_queue
    return Queue(queue, connection=get_redis_conn(), is_async=is_async)
  File "/home/my_user/frappe-bench/apps/frappe/frappe/utils/background_jobs.py", line 238, in get_redis_conn
    raise Exception('redis_queue missing in common_site_config.json')
Exception: redis_queue missing in common_site_config.json

